Performing C SOURCE FILE Test CMAKE_HAVE_LIBC_PTHREAD failed with the following output:
Change Dir: /home/bhaswanth/catkin_ws/build/CMakeFiles/CMakeTmp

Run Build Command(s):/usr/bin/make cmTC_4483a/fast && /usr/bin/make -f CMakeFiles/cmTC_4483a.dir/build.make CMakeFiles/cmTC_4483a.dir/build
make[1]: Entering directory '/home/bhaswanth/catkin_ws/build/CMakeFiles/CMakeTmp'
Building C object CMakeFiles/cmTC_4483a.dir/src.c.o
/usr/bin/cc   -DCMAKE_HAVE_LIBC_PTHREAD   -o CMakeFiles/cmTC_4483a.dir/src.c.o   -c /home/bhaswanth/catkin_ws/build/CMakeFiles/CMakeTmp/src.c
Linking C executable cmTC_4483a
/usr/bin/cmake -E cmake_link_script CMakeFiles/cmTC_4483a.dir/link.txt --verbose=1
/usr/bin/cc  -DCMAKE_HAVE_LIBC_PTHREAD    -rdynamic CMakeFiles/cmTC_4483a.dir/src.c.o  -o cmTC_4483a 
/usr/bin/ld: CMakeFiles/cmTC_4483a.dir/src.c.o: in function `main':
src.c:(.text+0x46): undefined reference to `pthread_create'
/usr/bin/ld: src.c:(.text+0x52): undefined reference to `pthread_detach'
/usr/bin/ld: src.c:(.text+0x63): undefined reference to `pthread_join'
collect2: error: ld returned 1 exit status
make[1]: *** [CMakeFiles/cmTC_4483a.dir/build.make:87: cmTC_4483a] Error 1
make[1]: Leaving directory '/home/bhaswanth/catkin_ws/build/CMakeFiles/CMakeTmp'
make: *** [Makefile:121: cmTC_4483a/fast] Error 2


Source file was:
#include <pthread.h>

void* test_func(void* data)
{
  return data;
}

int main(void)
{
  pthread_t thread;
  pthread_create(&thread, NULL, test_func, NULL);
  pthread_detach(thread);
  pthread_join(thread, NULL);
  pthread_atfork(NULL, NULL, NULL);
  pthread_exit(NULL);

  return 0;
}

Determining if the function pthread_create exists in the pthreads failed with the following output:
Change Dir: /home/bhaswanth/catkin_ws/build/CMakeFiles/CMakeTmp

Run Build Command(s):/usr/bin/make cmTC_77b61/fast && /usr/bin/make -f CMakeFiles/cmTC_77b61.dir/build.make CMakeFiles/cmTC_77b61.dir/build
make[1]: Entering directory '/home/bhaswanth/catkin_ws/build/CMakeFiles/CMakeTmp'
Building C object CMakeFiles/cmTC_77b61.dir/CheckFunctionExists.c.o
/usr/bin/cc   -DCHECK_FUNCTION_EXISTS=pthread_create   -o CMakeFiles/cmTC_77b61.dir/CheckFunctionExists.c.o   -c /usr/share/cmake-3.16/Modules/CheckFunctionExists.c
Linking C executable cmTC_77b61
/usr/bin/cmake -E cmake_link_script CMakeFiles/cmTC_77b61.dir/link.txt --verbose=1
/usr/bin/cc  -DCHECK_FUNCTION_EXISTS=pthread_create    -rdynamic CMakeFiles/cmTC_77b61.dir/CheckFunctionExists.c.o  -o cmTC_77b61  -lpthreads 
/usr/bin/ld: cannot find -lpthreads
collect2: error: ld returned 1 exit status
make[1]: *** [CMakeFiles/cmTC_77b61.dir/build.make:87: cmTC_77b61] Error 1
make[1]: Leaving directory '/home/bhaswanth/catkin_ws/build/CMakeFiles/CMakeTmp'
make: *** [Makefile:121: cmTC_77b61/fast] Error 2



Determining if the Q_WS_WIN exist failed with the following output:
Change Dir: /home/bhaswanth/catkin_ws/build/CMakeFiles/CMakeTmp

Run Build Command(s):/usr/bin/make cmTC_0c1ab/fast && make[1]: Entering directory '/home/bhaswanth/catkin_ws/build/CMakeFiles/CMakeTmp'
/usr/bin/make -f CMakeFiles/cmTC_0c1ab.dir/build.make CMakeFiles/cmTC_0c1ab.dir/build
make[2]: Entering directory '/home/bhaswanth/catkin_ws/build/CMakeFiles/CMakeTmp'
Building CXX object CMakeFiles/cmTC_0c1ab.dir/CheckSymbolExists.cxx.o
/usr/bin/c++   -I/usr/include/qt4   -o CMakeFiles/cmTC_0c1ab.dir/CheckSymbolExists.cxx.o -c /home/bhaswanth/catkin_ws/build/CMakeFiles/CMakeTmp/CheckSymbolExists.cxx
/home/bhaswanth/catkin_ws/build/CMakeFiles/CMakeTmp/CheckSymbolExists.cxx: In function ‘int main(int, char**)’:
/home/bhaswanth/catkin_ws/build/CMakeFiles/CMakeTmp/CheckSymbolExists.cxx:8:19: error: ‘Q_WS_WIN’ was not declared in this scope
    8 |   return ((int*)(&Q_WS_WIN))[argc];
      |                   ^~~~~~~~
make[2]: *** [CMakeFiles/cmTC_0c1ab.dir/build.make:66: CMakeFiles/cmTC_0c1ab.dir/CheckSymbolExists.cxx.o] Error 1
make[2]: Leaving directory '/home/bhaswanth/catkin_ws/build/CMakeFiles/CMakeTmp'
make[1]: *** [Makefile:121: cmTC_0c1ab/fast] Error 2
make[1]: Leaving directory '/home/bhaswanth/catkin_ws/build/CMakeFiles/CMakeTmp'


File /home/bhaswanth/catkin_ws/build/CMakeFiles/CMakeTmp/CheckSymbolExists.cxx:
/* */
#include <QtCore/qglobal.h>

int main(int argc, char** argv)
{
  (void)argv;
#ifndef Q_WS_WIN
  return ((int*)(&Q_WS_WIN))[argc];
#else
  (void)argc;
  return 0;
#endif
}
Determining if the Q_WS_QWS exist failed with the following output:
Change Dir: /home/bhaswanth/catkin_ws/build/CMakeFiles/CMakeTmp

Run Build Command(s):/usr/bin/make cmTC_aacb8/fast && make[1]: Entering directory '/home/bhaswanth/catkin_ws/build/CMakeFiles/CMakeTmp'
/usr/bin/make -f CMakeFiles/cmTC_aacb8.dir/build.make CMakeFiles/cmTC_aacb8.dir/build
make[2]: Entering directory '/home/bhaswanth/catkin_ws/build/CMakeFiles/CMakeTmp'
Building CXX object CMakeFiles/cmTC_aacb8.dir/CheckSymbolExists.cxx.o
/usr/bin/c++   -I/usr/include/qt4   -o CMakeFiles/cmTC_aacb8.dir/CheckSymbolExists.cxx.o -c /home/bhaswanth/catkin_ws/build/CMakeFiles/CMakeTmp/CheckSymbolExists.cxx
/home/bhaswanth/catkin_ws/build/CMakeFiles/CMakeTmp/CheckSymbolExists.cxx: In function ‘int main(int, char**)’:
/home/bhaswanth/catkin_ws/build/CMakeFiles/CMakeTmp/CheckSymbolExists.cxx:8:19: error: ‘Q_WS_QWS’ was not declared in this scope
    8 |   return ((int*)(&Q_WS_QWS))[argc];
      |                   ^~~~~~~~
make[2]: *** [CMakeFiles/cmTC_aacb8.dir/build.make:66: CMakeFiles/cmTC_aacb8.dir/CheckSymbolExists.cxx.o] Error 1
make[2]: Leaving directory '/home/bhaswanth/catkin_ws/build/CMakeFiles/CMakeTmp'
make[1]: *** [Makefile:121: cmTC_aacb8/fast] Error 2
make[1]: Leaving directory '/home/bhaswanth/catkin_ws/build/CMakeFiles/CMakeTmp'


File /home/bhaswanth/catkin_ws/build/CMakeFiles/CMakeTmp/CheckSymbolExists.cxx:
/* */
#include <QtCore/qglobal.h>

int main(int argc, char** argv)
{
  (void)argv;
#ifndef Q_WS_QWS
  return ((int*)(&Q_WS_QWS))[argc];
#else
  (void)argc;
  return 0;
#endif
}
Determining if the Q_WS_MAC exist failed with the following output:
Change Dir: /home/bhaswanth/catkin_ws/build/CMakeFiles/CMakeTmp

Run Build Command(s):/usr/bin/make cmTC_97799/fast && make[1]: Entering directory '/home/bhaswanth/catkin_ws/build/CMakeFiles/CMakeTmp'
/usr/bin/make -f CMakeFiles/cmTC_97799.dir/build.make CMakeFiles/cmTC_97799.dir/build
make[2]: Entering directory '/home/bhaswanth/catkin_ws/build/CMakeFiles/CMakeTmp'
Building CXX object CMakeFiles/cmTC_97799.dir/CheckSymbolExists.cxx.o
/usr/bin/c++   -I/usr/include/qt4   -o CMakeFiles/cmTC_97799.dir/CheckSymbolExists.cxx.o -c /home/bhaswanth/catkin_ws/build/CMakeFiles/CMakeTmp/CheckSymbolExists.cxx
/home/bhaswanth/catkin_ws/build/CMakeFiles/CMakeTmp/CheckSymbolExists.cxx: In function ‘int main(int, char**)’:
/home/bhaswanth/catkin_ws/build/CMakeFiles/CMakeTmp/CheckSymbolExists.cxx:8:19: error: ‘Q_WS_MAC’ was not declared in this scope
    8 |   return ((int*)(&Q_WS_MAC))[argc];
      |                   ^~~~~~~~
make[2]: *** [CMakeFiles/cmTC_97799.dir/build.make:66: CMakeFiles/cmTC_97799.dir/CheckSymbolExists.cxx.o] Error 1
make[2]: Leaving directory '/home/bhaswanth/catkin_ws/build/CMakeFiles/CMakeTmp'
make[1]: *** [Makefile:121: cmTC_97799/fast] Error 2
make[1]: Leaving directory '/home/bhaswanth/catkin_ws/build/CMakeFiles/CMakeTmp'


File /home/bhaswanth/catkin_ws/build/CMakeFiles/CMakeTmp/CheckSymbolExists.cxx:
/* */
#include <QtCore/qglobal.h>

int main(int argc, char** argv)
{
  (void)argv;
#ifndef Q_WS_MAC
  return ((int*)(&Q_WS_MAC))[argc];
#else
  (void)argc;
  return 0;
#endif
}
Determining if the Q_WS_WIN exist failed with the following output:
Change Dir: /home/bhaswanth/catkin_ws/build/CMakeFiles/CMakeTmp

Run Build Command(s):/usr/bin/make cmTC_70212/fast && make[1]: Entering directory '/home/bhaswanth/catkin_ws/build/CMakeFiles/CMakeTmp'
/usr/bin/make -f CMakeFiles/cmTC_70212.dir/build.make CMakeFiles/cmTC_70212.dir/build
make[2]: Entering directory '/home/bhaswanth/catkin_ws/build/CMakeFiles/CMakeTmp'
Building CXX object CMakeFiles/cmTC_70212.dir/CheckSymbolExists.cxx.o
/usr/bin/c++   -I/usr/include/qt4   -o CMakeFiles/cmTC_70212.dir/CheckSymbolExists.cxx.o -c /home/bhaswanth/catkin_ws/build/CMakeFiles/CMakeTmp/CheckSymbolExists.cxx
/home/bhaswanth/catkin_ws/build/CMakeFiles/CMakeTmp/CheckSymbolExists.cxx: In function ‘int main(int, char**)’:
/home/bhaswanth/catkin_ws/build/CMakeFiles/CMakeTmp/CheckSymbolExists.cxx:8:19: error: ‘Q_WS_WIN’ was not declared in this scope
    8 |   return ((int*)(&Q_WS_WIN))[argc];
      |                   ^~~~~~~~
make[2]: *** [CMakeFiles/cmTC_70212.dir/build.make:66: CMakeFiles/cmTC_70212.dir/CheckSymbolExists.cxx.o] Error 1
make[2]: Leaving directory '/home/bhaswanth/catkin_ws/build/CMakeFiles/CMakeTmp'
make[1]: *** [Makefile:121: cmTC_70212/fast] Error 2
make[1]: Leaving directory '/home/bhaswanth/catkin_ws/build/CMakeFiles/CMakeTmp'


File /home/bhaswanth/catkin_ws/build/CMakeFiles/CMakeTmp/CheckSymbolExists.cxx:
/* */
#include <QtCore/qglobal.h>

int main(int argc, char** argv)
{
  (void)argv;
#ifndef Q_WS_WIN
  return ((int*)(&Q_WS_WIN))[argc];
#else
  (void)argc;
  return 0;
#endif
}
Determining if the Q_WS_QWS exist failed with the following output:
Change Dir: /home/bhaswanth/catkin_ws/build/CMakeFiles/CMakeTmp

Run Build Command(s):/usr/bin/make cmTC_578ba/fast && make[1]: Entering directory '/home/bhaswanth/catkin_ws/build/CMakeFiles/CMakeTmp'
/usr/bin/make -f CMakeFiles/cmTC_578ba.dir/build.make CMakeFiles/cmTC_578ba.dir/build
make[2]: Entering directory '/home/bhaswanth/catkin_ws/build/CMakeFiles/CMakeTmp'
Building CXX object CMakeFiles/cmTC_578ba.dir/CheckSymbolExists.cxx.o
/usr/bin/c++   -I/usr/include/qt4   -o CMakeFiles/cmTC_578ba.dir/CheckSymbolExists.cxx.o -c /home/bhaswanth/catkin_ws/build/CMakeFiles/CMakeTmp/CheckSymbolExists.cxx
/home/bhaswanth/catkin_ws/build/CMakeFiles/CMakeTmp/CheckSymbolExists.cxx: In function ‘int main(int, char**)’:
/home/bhaswanth/catkin_ws/build/CMakeFiles/CMakeTmp/CheckSymbolExists.cxx:8:19: error: ‘Q_WS_QWS’ was not declared in this scope
    8 |   return ((int*)(&Q_WS_QWS))[argc];
      |                   ^~~~~~~~
make[2]: *** [CMakeFiles/cmTC_578ba.dir/build.make:66: CMakeFiles/cmTC_578ba.dir/CheckSymbolExists.cxx.o] Error 1
make[2]: Leaving directory '/home/bhaswanth/catkin_ws/build/CMakeFiles/CMakeTmp'
make[1]: *** [Makefile:121: cmTC_578ba/fast] Error 2
make[1]: Leaving directory '/home/bhaswanth/catkin_ws/build/CMakeFiles/CMakeTmp'


File /home/bhaswanth/catkin_ws/build/CMakeFiles/CMakeTmp/CheckSymbolExists.cxx:
/* */
#include <QtCore/qglobal.h>

int main(int argc, char** argv)
{
  (void)argv;
#ifndef Q_WS_QWS
  return ((int*)(&Q_WS_QWS))[argc];
#else
  (void)argc;
  return 0;
#endif
}
Determining if the Q_WS_MAC exist failed with the following output:
Change Dir: /home/bhaswanth/catkin_ws/build/CMakeFiles/CMakeTmp

Run Build Command(s):/usr/bin/make cmTC_7e090/fast && make[1]: Entering directory '/home/bhaswanth/catkin_ws/build/CMakeFiles/CMakeTmp'
/usr/bin/make -f CMakeFiles/cmTC_7e090.dir/build.make CMakeFiles/cmTC_7e090.dir/build
make[2]: Entering directory '/home/bhaswanth/catkin_ws/build/CMakeFiles/CMakeTmp'
Building CXX object CMakeFiles/cmTC_7e090.dir/CheckSymbolExists.cxx.o
/usr/bin/c++   -I/usr/include/qt4   -o CMakeFiles/cmTC_7e090.dir/CheckSymbolExists.cxx.o -c /home/bhaswanth/catkin_ws/build/CMakeFiles/CMakeTmp/CheckSymbolExists.cxx
/home/bhaswanth/catkin_ws/build/CMakeFiles/CMakeTmp/CheckSymbolExists.cxx: In function ‘int main(int, char**)’:
/home/bhaswanth/catkin_ws/build/CMakeFiles/CMakeTmp/CheckSymbolExists.cxx:8:19: error: ‘Q_WS_MAC’ was not declared in this scope
    8 |   return ((int*)(&Q_WS_MAC))[argc];
      |                   ^~~~~~~~
make[2]: *** [CMakeFiles/cmTC_7e090.dir/build.make:66: CMakeFiles/cmTC_7e090.dir/CheckSymbolExists.cxx.o] Error 1
make[2]: Leaving directory '/home/bhaswanth/catkin_ws/build/CMakeFiles/CMakeTmp'
make[1]: *** [Makefile:121: cmTC_7e090/fast] Error 2
make[1]: Leaving directory '/home/bhaswanth/catkin_ws/build/CMakeFiles/CMakeTmp'


File /home/bhaswanth/catkin_ws/build/CMakeFiles/CMakeTmp/CheckSymbolExists.cxx:
/* */
#include <QtCore/qglobal.h>

int main(int argc, char** argv)
{
  (void)argv;
#ifndef Q_WS_MAC
  return ((int*)(&Q_WS_MAC))[argc];
#else
  (void)argc;
  return 0;
#endif
}
